<?xml version="1.0" encoding="UTF-8"?>
<testng-results ignored="0" total="4" passed="4" failed="0" skipped="0">
  <reporter-output>
  </reporter-output>
  <suite started-at="2026-07-26T09:35:44 IST" name="Login Suite" finished-at="2026-07-26T09:36:43 IST" duration-ms="58704">
    <groups>
    </groups>
    <test started-at="2026-07-26T09:35:44 IST" name="Login Testcases" finished-at="2026-07-26T09:36:43 IST" duration-ms="58704">
      <class name="com.testng.practice.LoginTestcases.CorrectPassword">
        <test-method signature="LoginWithCorrectPassword()[pri:0, instance:com.testng.practice.LoginTestcases.CorrectPassword@3b07a0d6]" started-at="2026-07-26T09:36:33 IST" name="LoginWithCorrectPassword" finished-at="2026-07-26T09:36:43 IST" duration-ms="9942" status="PASS">
          <reporter-output>
          </reporter-output>
        </test-method> <!-- LoginWithCorrectPassword -->
      </class> <!-- com.testng.practice.LoginTestcases.CorrectPassword -->
      <class name="com.testng.practice.LoginTestcases.CorrectUsername">
        <test-method signature="LoginWithCorrectUsername()[pri:0, instance:com.testng.practice.LoginTestcases.CorrectUsername@3d121db3]" started-at="2026-07-26T09:36:25 IST" name="LoginWithCorrectUsername" finished-at="2026-07-26T09:36:33 IST" duration-ms="7929" status="PASS">
          <reporter-output>
          </reporter-output>
        </test-method> <!-- LoginWithCorrectUsername -->
      </class> <!-- com.testng.practice.LoginTestcases.CorrectUsername -->
      <class name="com.testng.practice.LoginTestcases.BothIncorrect">
        <test-method signature="LoginWithBothIncorrect()[pri:0, instance:com.testng.practice.LoginTestcases.BothIncorrect@16e7dcfd]" started-at="2026-07-26T09:36:14 IST" name="LoginWithBothIncorrect" finished-at="2026-07-26T09:36:25 IST" duration-ms="10849" status="PASS">
          <reporter-output>
          </reporter-output>
        </test-method> <!-- LoginWithBothIncorrect -->
      </class> <!-- com.testng.practice.LoginTestcases.BothIncorrect -->
      <class name="com.testng.practice.LoginTestcases.BothCorrect">
        <test-method signature="LoginWithBothCorrect()[pri:0, instance:com.testng.practice.LoginTestcases.BothCorrect@233fe9b6]" started-at="2026-07-26T09:35:44 IST" name="LoginWithBothCorrect" finished-at="2026-07-26T09:36:14 IST" duration-ms="29892" status="PASS">
          <reporter-output>
          </reporter-output>
        </test-method> <!-- LoginWithBothCorrect -->
      </class> <!-- com.testng.practice.LoginTestcases.BothCorrect -->
    </test> <!-- Login Testcases -->
  </suite> <!-- Login Suite -->
</testng-results>
