<?xml version="1.0" encoding="UTF-8"?>
<testng-results ignored="0" total="4" passed="4" failed="0" skipped="0">
  <reporter-output>
  </reporter-output>
  <suite started-at="2026-07-11T23:16:52 IST" name="Login Suite" finished-at="2026-07-11T23:17:29 IST" duration-ms="37232">
    <groups>
    </groups>
    <test started-at="2026-07-11T23:16:52 IST" name="Login Testcases" finished-at="2026-07-11T23:17:29 IST" duration-ms="37232">
      <class name="com.testng.practice.LoginTestcases.CorrectPassword">
        <test-method signature="LoginWithCorrectPassword()[pri:0, instance:com.testng.practice.LoginTestcases.CorrectPassword@d706f19]" started-at="2026-07-11T23:17:22 IST" name="LoginWithCorrectPassword" finished-at="2026-07-11T23:17:29 IST" duration-ms="7271" status="PASS">
          <reporter-output>
          </reporter-output>
        </test-method> <!-- LoginWithCorrectPassword -->
      </class> <!-- com.testng.practice.LoginTestcases.CorrectPassword -->
      <class name="com.testng.practice.LoginTestcases.CorrectUsername">
        <test-method signature="LoginWithCorrectUsername()[pri:0, instance:com.testng.practice.LoginTestcases.CorrectUsername@65d6b83b]" started-at="2026-07-11T23:17:13 IST" name="LoginWithCorrectUsername" finished-at="2026-07-11T23:17:22 IST" duration-ms="9475" status="PASS">
          <reporter-output>
          </reporter-output>
        </test-method> <!-- LoginWithCorrectUsername -->
      </class> <!-- com.testng.practice.LoginTestcases.CorrectUsername -->
      <class name="com.testng.practice.LoginTestcases.BothIncorrect">
        <test-method signature="LoginWithBothIncorrect()[pri:0, instance:com.testng.practice.LoginTestcases.BothIncorrect@45018215]" started-at="2026-07-11T23:17:02 IST" name="LoginWithBothIncorrect" finished-at="2026-07-11T23:17:13 IST" duration-ms="10377" status="PASS">
          <reporter-output>
          </reporter-output>
        </test-method> <!-- LoginWithBothIncorrect -->
      </class> <!-- com.testng.practice.LoginTestcases.BothIncorrect -->
      <class name="com.testng.practice.LoginTestcases.BothCorrect">
        <test-method signature="LoginWithBothCorrect()[pri:0, instance:com.testng.practice.LoginTestcases.BothCorrect@3901d134]" started-at="2026-07-11T23:16:52 IST" name="LoginWithBothCorrect" finished-at="2026-07-11T23:17:02 IST" duration-ms="10061" status="PASS">
          <reporter-output>
          </reporter-output>
        </test-method> <!-- LoginWithBothCorrect -->
      </class> <!-- com.testng.practice.LoginTestcases.BothCorrect -->
    </test> <!-- Login Testcases -->
  </suite> <!-- Login Suite -->
</testng-results>
