<?xml version="1.0" encoding="UTF-8"?>
<!-- Generated by org.testng.reporters.JUnitXMLReporter -->
<testsuite ignored="0" hostname="DESKTOP-DPL9K7I" failures="0" tests="4" name="Login Testcases" time="58.704" errors="0" timestamp="2026-07-26T09:36:43 IST">
  <testcase classname="com.testng.practice.LoginTestcases.BothCorrect" name="LoginWithBothCorrect" time="29.892"/>
  <testcase classname="com.testng.practice.LoginTestcases.BothIncorrect" name="LoginWithBothIncorrect" time="10.849"/>
  <testcase classname="com.testng.practice.LoginTestcases.CorrectUsername" name="LoginWithCorrectUsername" time="7.929"/>
  <testcase classname="com.testng.practice.LoginTestcases.CorrectPassword" name="LoginWithCorrectPassword" time="9.942"/>
</testsuite> <!-- Login Testcases -->
