<?xml version="1.0" encoding="UTF-8"?>
<!-- Generated by org.testng.reporters.JUnitXMLReporter -->
<testsuite ignored="0" hostname="DESKTOP-DPL9K7I" failures="0" tests="4" name="Login Testcases" time="37.232" errors="0" timestamp="2026-07-11T23:17:29 IST">
  <testcase classname="com.testng.practice.LoginTestcases.BothCorrect" name="LoginWithBothCorrect" time="10.061"/>
  <testcase classname="com.testng.practice.LoginTestcases.BothIncorrect" name="LoginWithBothIncorrect" time="10.377"/>
  <testcase classname="com.testng.practice.LoginTestcases.CorrectUsername" name="LoginWithCorrectUsername" time="9.475"/>
  <testcase classname="com.testng.practice.LoginTestcases.CorrectPassword" name="LoginWithCorrectPassword" time="7.271"/>
</testsuite> <!-- Login Testcases -->
